2015-02-22	[TRACE]	/net/metis/home/erichray/workspace/src/Utility/utility.go:Utility.WriteTrace:114	templates/about.html
2015-02-22	[TRACE]	/net/metis/home/erichray/workspace/src/Utility/utility.go:Utility.WriteTrace:114	templates/head.html
2015-02-22	[TRACE]	/net/metis/home/erichray/workspace/src/Utility/utility.go:Utility.WriteTrace:114	templates/index.html
2015-02-22	[TRACE]	/net/metis/home/erichray/workspace/src/Utility/utility.go:Utility.WriteTrace:114	templates/login.html
2015-02-22	[TRACE]	/net/metis/home/erichray/workspace/src/Utility/utility.go:Utility.WriteTrace:114	templates/logout.html
2015-02-22	[TRACE]	/net/metis/home/erichray/workspace/src/Utility/utility.go:Utility.WriteTrace:114	templates/menu.html
2015-02-22	[TRACE]	/net/metis/home/erichray/workspace/src/Utility/utility.go:Utility.WriteTrace:114	templates/time.html
2015-02-22	[TRACE]	/net/metis/home/erichray/workspace/src/Utility/utility.go:Utility.WriteTrace:114	templates/logo.html
2015-02-22	[TRACE]	/net/metis/home/erichray/workspace/src/Utility/utility.go:Utility.WriteTrace:114	Starting Main
2015-02-22	[INFO]	/net/metis/home/erichray/workspace/src/Utility/utility.go:Utility.WriteInfo:120	Version: 4
2015-02-22	[TRACE]	/net/metis/home/erichray/workspace/src/Utility/utility.go:Utility.WriteTrace:114	templates/about.html
2015-02-22	[TRACE]	/net/metis/home/erichray/workspace/src/Utility/utility.go:Utility.WriteTrace:114	templates/head.html
2015-02-22	[TRACE]	/net/metis/home/erichray/workspace/src/Utility/utility.go:Utility.WriteTrace:114	templates/index.html
2015-02-22	[TRACE]	/net/metis/home/erichray/workspace/src/Utility/utility.go:Utility.WriteTrace:114	templates/login.html
2015-02-22	[TRACE]	/net/metis/home/erichray/workspace/src/Utility/utility.go:Utility.WriteTrace:114	templates/logout.html
2015-02-22	[TRACE]	/net/metis/home/erichray/workspace/src/Utility/utility.go:Utility.WriteTrace:114	templates/menu.html
2015-02-22	[TRACE]	/net/metis/home/erichray/workspace/src/Utility/utility.go:Utility.WriteTrace:114	templates/time.html
2015-02-22	[TRACE]	/net/metis/home/erichray/workspace/src/Utility/utility.go:Utility.WriteTrace:114	templates/logo.html
2015-02-22	[TRACE]	/net/metis/home/erichray/workspace/src/Utility/utility.go:Utility.WriteTrace:114	Starting Main
2015-02-22	[INFO]	/net/metis/home/erichray/workspace/src/Utility/utility.go:Utility.WriteInfo:120	Version: 4
2015-02-22	[TRACE]	/net/metis/home/erichray/workspace/src/Utility/utility.go:Utility.WriteTrace:114	Entering loginHandler
2015-02-22	[INFO]	/net/metis/home/erichray/workspace/src/Utility/utility.go:Utility.WriteInfo:120	Auth.GetName()
2015-02-22	[INFO]	/net/metis/home/erichray/workspace/src/Utility/utility.go:Utility.WriteInfo:120	session_uuid: 
2015-02-22	[INFO]	/net/metis/home/erichray/workspace/src/Utility/utility.go:Utility.WriteInfo:120	session_uuid empty, returning
2015-02-22	[INFO]	/net/metis/home/erichray/workspace/src/Utility/utility.go:Utility.WriteInfo:120	len(name) != 0
2015-02-22	[INFO]	/net/metis/home/erichray/workspace/src/Utility/utility.go:Utility.WriteInfo:120	Auth.SetAuthInfo()
2015-02-22	[INFO]	/net/metis/home/erichray/workspace/src/Utility/utility.go:Utility.WriteInfo:120	AddName(erich, 5324363c-6d6f-4b15-9eca-6fbc8f81f222
)
2015-02-22	[INFO]	/net/metis/home/erichray/workspace/src/Utility/utility.go:Utility.WriteInfo:120	Sending: http://localhost:9090/set?cookie=5324363c-6d6f-4b15-9eca-6fbc8f81f222
&name=erich
2015-02-22	[INFO]	/net/metis/home/erichray/workspace/src/Utility/utility.go:Utility.WriteInfo:120	
2015-02-22	[INFO]	/net/metis/home/erichray/workspace/src/Utility/utility.go:Utility.WriteInfo:120	Cookie set
2015-02-22	[TRACE]	/net/metis/home/erichray/workspace/src/Utility/utility.go:Utility.WriteTrace:114	Entering defaultHandler
2015-02-22	[INFO]	/net/metis/home/erichray/workspace/src/Utility/utility.go:Utility.WriteInfo:120	URL = index
2015-02-22	[INFO]	/net/metis/home/erichray/workspace/src/Utility/utility.go:Utility.WriteInfo:120	Auth.GetName()
2015-02-22	[INFO]	/net/metis/home/erichray/workspace/src/Utility/utility.go:Utility.WriteInfo:120	session_uuid: 5324363c-6d6f-4b15-9eca-6fbc8f81f222

2015-02-22	[TRACE]	/net/metis/home/erichray/workspace/src/Utility/utility.go:Utility.WriteTrace:114	Entering loginHandler
2015-02-22	[INFO]	/net/metis/home/erichray/workspace/src/Utility/utility.go:Utility.WriteInfo:120	Auth.GetName()
2015-02-22	[INFO]	/net/metis/home/erichray/workspace/src/Utility/utility.go:Utility.WriteInfo:120	session_uuid: 5324363c-6d6f-4b15-9eca-6fbc8f81f222

2015-02-22	[TRACE]	/net/metis/home/erichray/workspace/src/Utility/utility.go:Utility.WriteTrace:114	displaying login form
2015-02-22	[TRACE]	/net/metis/home/erichray/workspace/src/Utility/utility.go:Utility.WriteTrace:114	templates/about.html
2015-02-22	[TRACE]	/net/metis/home/erichray/workspace/src/Utility/utility.go:Utility.WriteTrace:114	templates/head.html
2015-02-22	[TRACE]	/net/metis/home/erichray/workspace/src/Utility/utility.go:Utility.WriteTrace:114	templates/index.html
2015-02-22	[TRACE]	/net/metis/home/erichray/workspace/src/Utility/utility.go:Utility.WriteTrace:114	templates/login.html
2015-02-22	[TRACE]	/net/metis/home/erichray/workspace/src/Utility/utility.go:Utility.WriteTrace:114	templates/logout.html
2015-02-22	[TRACE]	/net/metis/home/erichray/workspace/src/Utility/utility.go:Utility.WriteTrace:114	templates/menu.html
2015-02-22	[TRACE]	/net/metis/home/erichray/workspace/src/Utility/utility.go:Utility.WriteTrace:114	templates/time.html
2015-02-22	[TRACE]	/net/metis/home/erichray/workspace/src/Utility/utility.go:Utility.WriteTrace:114	templates/logo.html
2015-02-22	[TRACE]	/net/metis/home/erichray/workspace/src/Utility/utility.go:Utility.WriteTrace:114	Starting Main
2015-02-22	[INFO]	/net/metis/home/erichray/workspace/src/Utility/utility.go:Utility.WriteInfo:120	Version: 4
2015-02-22	[TRACE]	/net/metis/home/erichray/workspace/src/Utility/utility.go:Utility.WriteTrace:114	Entering defaultHandler
2015-02-22	[INFO]	/net/metis/home/erichray/workspace/src/Utility/utility.go:Utility.WriteInfo:120	URL = 
2015-02-22	[INFO]	/net/metis/home/erichray/workspace/src/Utility/utility.go:Utility.WriteInfo:120	Auth.GetName()
2015-02-22	[INFO]	/net/metis/home/erichray/workspace/src/Utility/utility.go:Utility.WriteInfo:120	session_uuid: 
2015-02-22	[INFO]	/net/metis/home/erichray/workspace/src/Utility/utility.go:Utility.WriteInfo:120	session_uuid empty, returning
2015-02-22	[TRACE]	/net/metis/home/erichray/workspace/src/Utility/utility.go:Utility.WriteTrace:114	Entering loginHandler
2015-02-22	[INFO]	/net/metis/home/erichray/workspace/src/Utility/utility.go:Utility.WriteInfo:120	Auth.GetName()
2015-02-22	[INFO]	/net/metis/home/erichray/workspace/src/Utility/utility.go:Utility.WriteInfo:120	session_uuid: 
2015-02-22	[INFO]	/net/metis/home/erichray/workspace/src/Utility/utility.go:Utility.WriteInfo:120	session_uuid empty, returning
2015-02-22	[TRACE]	/net/metis/home/erichray/workspace/src/Utility/utility.go:Utility.WriteTrace:114	displaying login form
2015-02-22	[TRACE]	/net/metis/home/erichray/workspace/src/Utility/utility.go:Utility.WriteTrace:114	Entering loginHandler
2015-02-22	[INFO]	/net/metis/home/erichray/workspace/src/Utility/utility.go:Utility.WriteInfo:120	Auth.GetName()
2015-02-22	[INFO]	/net/metis/home/erichray/workspace/src/Utility/utility.go:Utility.WriteInfo:120	session_uuid: 
2015-02-22	[INFO]	/net/metis/home/erichray/workspace/src/Utility/utility.go:Utility.WriteInfo:120	session_uuid empty, returning
2015-02-22	[INFO]	/net/metis/home/erichray/workspace/src/Utility/utility.go:Utility.WriteInfo:120	len(name) != 0
2015-02-22	[INFO]	/net/metis/home/erichray/workspace/src/Utility/utility.go:Utility.WriteInfo:120	Auth.SetAuthInfo()
2015-02-22	[INFO]	/net/metis/home/erichray/workspace/src/Utility/utility.go:Utility.WriteInfo:120	AddName(erich, cee7d70e-eda0-49d1-a174-bb0e4b769a93
)
2015-02-22	[INFO]	/net/metis/home/erichray/workspace/src/Utility/utility.go:Utility.WriteInfo:120	Sending: http://localhost:9090/set?cookie=cee7d70e-eda0-49d1-a174-bb0e4b769a93
&name=erich
2015-02-22	[INFO]	/net/metis/home/erichray/workspace/src/Utility/utility.go:Utility.WriteInfo:120	Cookie set
2015-02-22	[TRACE]	/net/metis/home/erichray/workspace/src/Utility/utility.go:Utility.WriteTrace:114	Entering defaultHandler
2015-02-22	[INFO]	/net/metis/home/erichray/workspace/src/Utility/utility.go:Utility.WriteInfo:120	URL = index
2015-02-22	[INFO]	/net/metis/home/erichray/workspace/src/Utility/utility.go:Utility.WriteInfo:120	Auth.GetName()
2015-02-22	[INFO]	/net/metis/home/erichray/workspace/src/Utility/utility.go:Utility.WriteInfo:120	session_uuid: cee7d70e-eda0-49d1-a174-bb0e4b769a93

2015-02-22	[INFO]	/net/metis/home/erichray/workspace/src/Utility/utility.go:Utility.WriteInfo:120	Cookie = nil
2015-02-22	[TRACE]	/net/metis/home/erichray/workspace/src/Utility/utility.go:Utility.WriteTrace:114	Entering loginHandler
2015-02-22	[INFO]	/net/metis/home/erichray/workspace/src/Utility/utility.go:Utility.WriteInfo:120	Auth.GetName()
2015-02-22	[INFO]	/net/metis/home/erichray/workspace/src/Utility/utility.go:Utility.WriteInfo:120	session_uuid: cee7d70e-eda0-49d1-a174-bb0e4b769a93

2015-02-22	[INFO]	/net/metis/home/erichray/workspace/src/Utility/utility.go:Utility.WriteInfo:120	Cookie = nil
2015-02-22	[TRACE]	/net/metis/home/erichray/workspace/src/Utility/utility.go:Utility.WriteTrace:114	displaying login form
2015-02-22	[TRACE]	/net/metis/home/erichray/workspace/src/Utility/utility.go:Utility.WriteTrace:114	templates/about.html
2015-02-22	[TRACE]	/net/metis/home/erichray/workspace/src/Utility/utility.go:Utility.WriteTrace:114	templates/head.html
2015-02-22	[TRACE]	/net/metis/home/erichray/workspace/src/Utility/utility.go:Utility.WriteTrace:114	templates/index.html
2015-02-22	[TRACE]	/net/metis/home/erichray/workspace/src/Utility/utility.go:Utility.WriteTrace:114	templates/login.html
2015-02-22	[TRACE]	/net/metis/home/erichray/workspace/src/Utility/utility.go:Utility.WriteTrace:114	templates/logout.html
2015-02-22	[TRACE]	/net/metis/home/erichray/workspace/src/Utility/utility.go:Utility.WriteTrace:114	templates/menu.html
2015-02-22	[TRACE]	/net/metis/home/erichray/workspace/src/Utility/utility.go:Utility.WriteTrace:114	templates/time.html
2015-02-22	[TRACE]	/net/metis/home/erichray/workspace/src/Utility/utility.go:Utility.WriteTrace:114	templates/logo.html
2015-02-22	[TRACE]	/net/metis/home/erichray/workspace/src/Utility/utility.go:Utility.WriteTrace:114	Starting Main
2015-02-22	[INFO]	/net/metis/home/erichray/workspace/src/Utility/utility.go:Utility.WriteInfo:120	Version: 4
2015-02-22	[TRACE]	/net/metis/home/erichray/workspace/src/Utility/utility.go:Utility.WriteTrace:114	Entering defaultHandler
2015-02-22	[INFO]	/net/metis/home/erichray/workspace/src/Utility/utility.go:Utility.WriteInfo:120	URL = index/
2015-02-22	[INFO]	/net/metis/home/erichray/workspace/src/Utility/utility.go:Utility.WriteInfo:120	Auth.GetName()
2015-02-22	[INFO]	/net/metis/home/erichray/workspace/src/Utility/utility.go:Utility.WriteInfo:120	session_uuid: 
2015-02-22	[INFO]	/net/metis/home/erichray/workspace/src/Utility/utility.go:Utility.WriteInfo:120	session_uuid empty, returning
2015-02-22	[TRACE]	/net/metis/home/erichray/workspace/src/Utility/utility.go:Utility.WriteTrace:114	Entering loginHandler
2015-02-22	[TRACE]	/net/metis/home/erichray/workspace/src/Utility/utility.go:Utility.WriteTrace:114	Checking if user went directly to login
2015-02-22	[INFO]	/net/metis/home/erichray/workspace/src/Utility/utility.go:Utility.WriteInfo:120	Auth.GetName()
2015-02-22	[INFO]	/net/metis/home/erichray/workspace/src/Utility/utility.go:Utility.WriteInfo:120	session_uuid: 
2015-02-22	[INFO]	/net/metis/home/erichray/workspace/src/Utility/utility.go:Utility.WriteInfo:120	session_uuid empty, returning
2015-02-22	[TRACE]	/net/metis/home/erichray/workspace/src/Utility/utility.go:Utility.WriteTrace:114	displaying login form
2015-02-22	[TRACE]	/net/metis/home/erichray/workspace/src/Utility/utility.go:Utility.WriteTrace:114	Entering loginHandler
2015-02-22	[TRACE]	/net/metis/home/erichray/workspace/src/Utility/utility.go:Utility.WriteTrace:114	Checking if user went directly to login
2015-02-22	[INFO]	/net/metis/home/erichray/workspace/src/Utility/utility.go:Utility.WriteInfo:120	Auth.GetName()
2015-02-22	[INFO]	/net/metis/home/erichray/workspace/src/Utility/utility.go:Utility.WriteInfo:120	session_uuid: 
2015-02-22	[INFO]	/net/metis/home/erichray/workspace/src/Utility/utility.go:Utility.WriteInfo:120	session_uuid empty, returning
2015-02-22	[INFO]	/net/metis/home/erichray/workspace/src/Utility/utility.go:Utility.WriteInfo:120	len(name) != 0
2015-02-22	[INFO]	/net/metis/home/erichray/workspace/src/Utility/utility.go:Utility.WriteInfo:120	Auth.SetAuthInfo()
2015-02-22	[INFO]	/net/metis/home/erichray/workspace/src/Utility/utility.go:Utility.WriteInfo:120	AddName(erich, f8a3c75b-0157-4636-8c02-e9f19952d672)
2015-02-22	[INFO]	/net/metis/home/erichray/workspace/src/Utility/utility.go:Utility.WriteInfo:120	Sending: http://localhost:9090/set?cookie=f8a3c75b-0157-4636-8c02-e9f19952d672&name=erich
2015-02-22	[INFO]	/net/metis/home/erichray/workspace/src/Utility/utility.go:Utility.WriteInfo:120	cookie set

2015-02-22	[INFO]	/net/metis/home/erichray/workspace/src/Utility/utility.go:Utility.WriteInfo:120	Cookie set
2015-02-22	[TRACE]	/net/metis/home/erichray/workspace/src/Utility/utility.go:Utility.WriteTrace:114	Entering defaultHandler
2015-02-22	[INFO]	/net/metis/home/erichray/workspace/src/Utility/utility.go:Utility.WriteInfo:120	URL = index
2015-02-22	[INFO]	/net/metis/home/erichray/workspace/src/Utility/utility.go:Utility.WriteInfo:120	Auth.GetName()
2015-02-22	[INFO]	/net/metis/home/erichray/workspace/src/Utility/utility.go:Utility.WriteInfo:120	session_uuid: f8a3c75b-0157-4636-8c02-e9f19952d672
2015-02-22	[INFO]	/net/metis/home/erichray/workspace/src/Utility/utility.go:Utility.WriteInfo:120	GetName(f8a3c75b-0157-4636-8c02-e9f19952d672)
2015-02-22	[INFO]	/net/metis/home/erichray/workspace/src/Utility/utility.go:Utility.WriteInfo:120	Sending: http://localhost:9090/get?cookie=f8a3c75b-0157-4636-8c02-e9f19952d672
2015-02-22	[INFO]	/net/metis/home/erichray/workspace/src/Utility/utility.go:Utility.WriteInfo:120	erich

2015-02-22	[INFO]	/net/metis/home/erichray/workspace/src/Utility/utility.go:Utility.WriteInfo:120	name: erich

2015-02-22	[TRACE]	/net/metis/home/erichray/workspace/src/Utility/utility.go:Utility.WriteTrace:114	Displaying greeting
2015-02-22	[TRACE]	/net/metis/home/erichray/workspace/src/Utility/utility.go:Utility.WriteTrace:114	templates/about.html
2015-02-22	[TRACE]	/net/metis/home/erichray/workspace/src/Utility/utility.go:Utility.WriteTrace:114	templates/head.html
2015-02-22	[TRACE]	/net/metis/home/erichray/workspace/src/Utility/utility.go:Utility.WriteTrace:114	templates/index.html
2015-02-22	[TRACE]	/net/metis/home/erichray/workspace/src/Utility/utility.go:Utility.WriteTrace:114	templates/login.html
2015-02-22	[TRACE]	/net/metis/home/erichray/workspace/src/Utility/utility.go:Utility.WriteTrace:114	templates/logout.html
2015-02-22	[TRACE]	/net/metis/home/erichray/workspace/src/Utility/utility.go:Utility.WriteTrace:114	templates/menu.html
2015-02-22	[TRACE]	/net/metis/home/erichray/workspace/src/Utility/utility.go:Utility.WriteTrace:114	templates/time.html
2015-02-22	[TRACE]	/net/metis/home/erichray/workspace/src/Utility/utility.go:Utility.WriteTrace:114	templates/logo.html
2015-02-22	[TRACE]	/net/metis/home/erichray/workspace/src/Utility/utility.go:Utility.WriteTrace:114	Starting Main
2015-02-22	[INFO]	/net/metis/home/erichray/workspace/src/Utility/utility.go:Utility.WriteInfo:120	Version: 4
2015-02-22	[TRACE]	/net/metis/home/erichray/workspace/src/Utility/utility.go:Utility.WriteTrace:114	Starting Main
2015-02-22	[INFO]	/net/metis/home/erichray/workspace/src/Utility/utility.go:Utility.WriteInfo:120	Version: 1
2015-02-22	[TRACE]	/net/metis/home/erichray/workspace/src/Utility/utility.go:Utility.WriteTrace:114	defaultHandler()
2015-02-22	[INFO]	/net/metis/home/erichray/workspace/src/Utility/utility.go:Utility.WriteInfo:120	returning 404
2015-02-22	[TRACE]	/net/metis/home/erichray/workspace/src/Utility/utility.go:Utility.WriteTrace:114	defaultHandler()
2015-02-22	[INFO]	/net/metis/home/erichray/workspace/src/Utility/utility.go:Utility.WriteInfo:120	returning 404
2015-02-22	[TRACE]	/net/metis/home/erichray/workspace/src/Utility/utility.go:Utility.WriteTrace:114	Entering defaultHandler
2015-02-22	[INFO]	/net/metis/home/erichray/workspace/src/Utility/utility.go:Utility.WriteInfo:120	URL = index/
2015-02-22	[INFO]	/net/metis/home/erichray/workspace/src/Utility/utility.go:Utility.WriteInfo:120	Auth.GetName()
2015-02-22	[INFO]	/net/metis/home/erichray/workspace/src/Utility/utility.go:Utility.WriteInfo:120	session_uuid: 
2015-02-22	[INFO]	/net/metis/home/erichray/workspace/src/Utility/utility.go:Utility.WriteInfo:120	session_uuid empty, returning
2015-02-22	[TRACE]	/net/metis/home/erichray/workspace/src/Utility/utility.go:Utility.WriteTrace:114	Entering loginHandler
2015-02-22	[TRACE]	/net/metis/home/erichray/workspace/src/Utility/utility.go:Utility.WriteTrace:114	Checking if user went directly to login
2015-02-22	[INFO]	/net/metis/home/erichray/workspace/src/Utility/utility.go:Utility.WriteInfo:120	Auth.GetName()
2015-02-22	[INFO]	/net/metis/home/erichray/workspace/src/Utility/utility.go:Utility.WriteInfo:120	session_uuid: 
2015-02-22	[INFO]	/net/metis/home/erichray/workspace/src/Utility/utility.go:Utility.WriteInfo:120	session_uuid empty, returning
2015-02-22	[TRACE]	/net/metis/home/erichray/workspace/src/Utility/utility.go:Utility.WriteTrace:114	displaying login form
2015-02-22	[TRACE]	/net/metis/home/erichray/workspace/src/Utility/utility.go:Utility.WriteTrace:114	Entering loginHandler
2015-02-22	[TRACE]	/net/metis/home/erichray/workspace/src/Utility/utility.go:Utility.WriteTrace:114	Checking if user went directly to login
2015-02-22	[INFO]	/net/metis/home/erichray/workspace/src/Utility/utility.go:Utility.WriteInfo:120	Auth.GetName()
2015-02-22	[INFO]	/net/metis/home/erichray/workspace/src/Utility/utility.go:Utility.WriteInfo:120	session_uuid: 
2015-02-22	[INFO]	/net/metis/home/erichray/workspace/src/Utility/utility.go:Utility.WriteInfo:120	session_uuid empty, returning
2015-02-22	[INFO]	/net/metis/home/erichray/workspace/src/Utility/utility.go:Utility.WriteInfo:120	len(name) != 0
2015-02-22	[INFO]	/net/metis/home/erichray/workspace/src/Utility/utility.go:Utility.WriteInfo:120	Auth.SetAuthInfo()
2015-02-22	[INFO]	/net/metis/home/erichray/workspace/src/Utility/utility.go:Utility.WriteInfo:120	AddName(erich, cf528be6-3fe3-4262-adcd-63cb1288a557)
2015-02-22	[INFO]	/net/metis/home/erichray/workspace/src/Utility/utility.go:Utility.WriteInfo:120	Sending: http://localhost:9090/set?cookie=cf528be6-3fe3-4262-adcd-63cb1288a557&name=erich
2015-02-22	[TRACE]	/net/metis/home/erichray/workspace/src/Utility/utility.go:Utility.WriteTrace:114	setHandler()
2015-02-22	[INFO]	/net/metis/home/erichray/workspace/src/Utility/utility.go:Utility.WriteInfo:120	Server Response: cookie set
2015-02-22	[INFO]	/net/metis/home/erichray/workspace/src/Utility/utility.go:Utility.WriteInfo:120	method: GET
2015-02-22	[TRACE]	/net/metis/home/erichray/workspace/src/Utility/utility.go:Utility.WriteTrace:114	Entering defaultHandler
2015-02-22	[INFO]	/net/metis/home/erichray/workspace/src/Utility/utility.go:Utility.WriteInfo:120	URL: /set
2015-02-22	[INFO]	/net/metis/home/erichray/workspace/src/Utility/utility.go:Utility.WriteInfo:120	URL = index
2015-02-22	[INFO]	/net/metis/home/erichray/workspace/src/Utility/utility.go:Utility.WriteInfo:120	RawQuery: cookie=cf528be6-3fe3-4262-adcd-63cb1288a557&name=erich
2015-02-22	[INFO]	/net/metis/home/erichray/workspace/src/Utility/utility.go:Utility.WriteInfo:120	Auth.GetName()
2015-02-22	[INFO]	/net/metis/home/erichray/workspace/src/Utility/utility.go:Utility.WriteInfo:120	session_uuid: cf528be6-3fe3-4262-adcd-63cb1288a557
2015-02-22	[INFO]	/net/metis/home/erichray/workspace/src/Utility/utility.go:Utility.WriteInfo:120	session_uuid: cf528be6-3fe3-4262-adcd-63cb1288a557
2015-02-22	[INFO]	/net/metis/home/erichray/workspace/src/Utility/utility.go:Utility.WriteInfo:120	name: erich
2015-02-22	[INFO]	/net/metis/home/erichray/workspace/src/Utility/utility.go:Utility.WriteInfo:120	GetName(cf528be6-3fe3-4262-adcd-63cb1288a557)
2015-02-22	[INFO]	/net/metis/home/erichray/workspace/src/Utility/utility.go:Utility.WriteInfo:120	session_uuid: cf528be6-3fe3-4262-adcd-63cb1288a557 - name: erich
2015-02-22	[INFO]	/net/metis/home/erichray/workspace/src/Utility/utility.go:Utility.WriteInfo:120	Sending: http://localhost:9090/get?cookie=cf528be6-3fe3-4262-adcd-63cb1288a557
2015-02-22	[TRACE]	/net/metis/home/erichray/workspace/src/Utility/utility.go:Utility.WriteTrace:114	getHandler()
2015-02-22	[INFO]	/net/metis/home/erichray/workspace/src/Utility/utility.go:Utility.WriteInfo:120	Server Response: erich
2015-02-22	[INFO]	/net/metis/home/erichray/workspace/src/Utility/utility.go:Utility.WriteInfo:120	session_uuid: cf528be6-3fe3-4262-adcd-63cb1288a557
2015-02-22	[TRACE]	/net/metis/home/erichray/workspace/src/Utility/utility.go:Utility.WriteTrace:114	Displaying greeting
2015-02-22	[TRACE]	/net/metis/home/erichray/workspace/src/Utility/utility.go:Utility.WriteTrace:114	Entering timeHandler
2015-02-22	[TRACE]	/net/metis/home/erichray/workspace/src/Utility/utility.go:Utility.WriteTrace:114	Incrementing timeRequests
2015-02-22	[INFO]	/net/metis/home/erichray/workspace/src/Utility/utility.go:Utility.WriteInfo:120	Auth.GetName()
2015-02-22	[INFO]	/net/metis/home/erichray/workspace/src/Utility/utility.go:Utility.WriteInfo:120	session_uuid: cf528be6-3fe3-4262-adcd-63cb1288a557
2015-02-22	[INFO]	/net/metis/home/erichray/workspace/src/Utility/utility.go:Utility.WriteInfo:120	GetName(cf528be6-3fe3-4262-adcd-63cb1288a557)
2015-02-22	[INFO]	/net/metis/home/erichray/workspace/src/Utility/utility.go:Utility.WriteInfo:120	Sending: http://localhost:9090/get?cookie=cf528be6-3fe3-4262-adcd-63cb1288a557
2015-02-22	[TRACE]	/net/metis/home/erichray/workspace/src/Utility/utility.go:Utility.WriteTrace:114	getHandler()
2015-02-22	[INFO]	/net/metis/home/erichray/workspace/src/Utility/utility.go:Utility.WriteInfo:120	Server Response: erich
2015-02-22	[INFO]	/net/metis/home/erichray/workspace/src/Utility/utility.go:Utility.WriteInfo:120	session_uuid: cf528be6-3fe3-4262-adcd-63cb1288a557
2015-02-22	[TRACE]	/net/metis/home/erichray/workspace/src/Utility/utility.go:Utility.WriteTrace:114	Entering timeHandler
2015-02-22	[TRACE]	/net/metis/home/erichray/workspace/src/Utility/utility.go:Utility.WriteTrace:114	getHandler()
2015-02-22	[TRACE]	/net/metis/home/erichray/workspace/src/Utility/utility.go:Utility.WriteTrace:114	Incrementing timeRequests
2015-02-22	[INFO]	/net/metis/home/erichray/workspace/src/Utility/utility.go:Utility.WriteInfo:120	session_uuid: cf528be6-3fe3-4262-adcd-63cb1288a557
2015-02-22	[INFO]	/net/metis/home/erichray/workspace/src/Utility/utility.go:Utility.WriteInfo:120	Auth.GetName()
2015-02-22	[INFO]	/net/metis/home/erichray/workspace/src/Utility/utility.go:Utility.WriteInfo:120	session_uuid: cf528be6-3fe3-4262-adcd-63cb1288a557
2015-02-22	[INFO]	/net/metis/home/erichray/workspace/src/Utility/utility.go:Utility.WriteInfo:120	GetName(cf528be6-3fe3-4262-adcd-63cb1288a557)
2015-02-22	[INFO]	/net/metis/home/erichray/workspace/src/Utility/utility.go:Utility.WriteInfo:120	Sending: http://localhost:9090/get?cookie=cf528be6-3fe3-4262-adcd-63cb1288a557
2015-02-22	[INFO]	/net/metis/home/erichray/workspace/src/Utility/utility.go:Utility.WriteInfo:120	Server Response: erich
2015-02-22	[TRACE]	/net/metis/home/erichray/workspace/src/Utility/utility.go:Utility.WriteTrace:114	Entering timeHandler
2015-02-22	[TRACE]	/net/metis/home/erichray/workspace/src/Utility/utility.go:Utility.WriteTrace:114	Incrementing timeRequests
2015-02-22	[INFO]	/net/metis/home/erichray/workspace/src/Utility/utility.go:Utility.WriteInfo:120	Auth.GetName()
2015-02-22	[INFO]	/net/metis/home/erichray/workspace/src/Utility/utility.go:Utility.WriteInfo:120	session_uuid: cf528be6-3fe3-4262-adcd-63cb1288a557
2015-02-22	[INFO]	/net/metis/home/erichray/workspace/src/Utility/utility.go:Utility.WriteInfo:120	GetName(cf528be6-3fe3-4262-adcd-63cb1288a557)
2015-02-22	[INFO]	/net/metis/home/erichray/workspace/src/Utility/utility.go:Utility.WriteInfo:120	Sending: http://localhost:9090/get?cookie=cf528be6-3fe3-4262-adcd-63cb1288a557
2015-02-22	[TRACE]	/net/metis/home/erichray/workspace/src/Utility/utility.go:Utility.WriteTrace:114	getHandler()
2015-02-22	[INFO]	/net/metis/home/erichray/workspace/src/Utility/utility.go:Utility.WriteInfo:120	session_uuid: cf528be6-3fe3-4262-adcd-63cb1288a557
2015-02-22	[INFO]	/net/metis/home/erichray/workspace/src/Utility/utility.go:Utility.WriteInfo:120	Server Response: erich
2015-02-22	[TRACE]	/net/metis/home/erichray/workspace/src/Utility/utility.go:Utility.WriteTrace:114	Decrementing timeRequests
2015-02-22	[TRACE]	/net/metis/home/erichray/workspace/src/Utility/utility.go:Utility.WriteTrace:114	Entering timeHandler
2015-02-22	[TRACE]	/net/metis/home/erichray/workspace/src/Utility/utility.go:Utility.WriteTrace:114	Incrementing timeRequests
2015-02-22	[INFO]	/net/metis/home/erichray/workspace/src/Utility/utility.go:Utility.WriteInfo:120	Auth.GetName()
2015-02-22	[INFO]	/net/metis/home/erichray/workspace/src/Utility/utility.go:Utility.WriteInfo:120	session_uuid: cf528be6-3fe3-4262-adcd-63cb1288a557
2015-02-22	[INFO]	/net/metis/home/erichray/workspace/src/Utility/utility.go:Utility.WriteInfo:120	GetName(cf528be6-3fe3-4262-adcd-63cb1288a557)
2015-02-22	[INFO]	/net/metis/home/erichray/workspace/src/Utility/utility.go:Utility.WriteInfo:120	Sending: http://localhost:9090/get?cookie=cf528be6-3fe3-4262-adcd-63cb1288a557
2015-02-22	[TRACE]	/net/metis/home/erichray/workspace/src/Utility/utility.go:Utility.WriteTrace:114	getHandler()
2015-02-22	[INFO]	/net/metis/home/erichray/workspace/src/Utility/utility.go:Utility.WriteInfo:120	Server Response: erich
2015-02-22	[INFO]	/net/metis/home/erichray/workspace/src/Utility/utility.go:Utility.WriteInfo:120	session_uuid: cf528be6-3fe3-4262-adcd-63cb1288a557
2015-02-22	[TRACE]	/net/metis/home/erichray/workspace/src/Utility/utility.go:Utility.WriteTrace:114	Entering timeHandler
2015-02-22	[TRACE]	/net/metis/home/erichray/workspace/src/Utility/utility.go:Utility.WriteTrace:114	getHandler()
2015-02-22	[TRACE]	/net/metis/home/erichray/workspace/src/Utility/utility.go:Utility.WriteTrace:114	Incrementing timeRequests
2015-02-22	[INFO]	/net/metis/home/erichray/workspace/src/Utility/utility.go:Utility.WriteInfo:120	session_uuid: cf528be6-3fe3-4262-adcd-63cb1288a557
2015-02-22	[INFO]	/net/metis/home/erichray/workspace/src/Utility/utility.go:Utility.WriteInfo:120	Auth.GetName()
2015-02-22	[INFO]	/net/metis/home/erichray/workspace/src/Utility/utility.go:Utility.WriteInfo:120	session_uuid: cf528be6-3fe3-4262-adcd-63cb1288a557
2015-02-22	[INFO]	/net/metis/home/erichray/workspace/src/Utility/utility.go:Utility.WriteInfo:120	GetName(cf528be6-3fe3-4262-adcd-63cb1288a557)
2015-02-22	[INFO]	/net/metis/home/erichray/workspace/src/Utility/utility.go:Utility.WriteInfo:120	Sending: http://localhost:9090/get?cookie=cf528be6-3fe3-4262-adcd-63cb1288a557
2015-02-22	[INFO]	/net/metis/home/erichray/workspace/src/Utility/utility.go:Utility.WriteInfo:120	Server Response: erich
2015-02-22	[TRACE]	/net/metis/home/erichray/workspace/src/Utility/utility.go:Utility.WriteTrace:114	Decrementing timeRequests
2015-02-22	[TRACE]	/net/metis/home/erichray/workspace/src/Utility/utility.go:Utility.WriteTrace:114	setHandler()
2015-02-22	[INFO]	/net/metis/home/erichray/workspace/src/Utility/utility.go:Utility.WriteInfo:120	method: GET
2015-02-22	[INFO]	/net/metis/home/erichray/workspace/src/Utility/utility.go:Utility.WriteInfo:120	URL: /set
2015-02-22	[INFO]	/net/metis/home/erichray/workspace/src/Utility/utility.go:Utility.WriteInfo:120	RawQuery: cookie=cf528be6-3fe3-4262-adcd-63cb1288a557
2015-02-22	[INFO]	/net/metis/home/erichray/workspace/src/Utility/utility.go:Utility.WriteInfo:120	session_uuid: cf528be6-3fe3-4262-adcd-63cb1288a557
2015-02-22	[INFO]	/net/metis/home/erichray/workspace/src/Utility/utility.go:Utility.WriteInfo:120	name: 
2015-02-22	[CRITICAL]	/net/metis/home/erichray/workspace/src/Utility/utility.go:Utility.WriteCritical:126	session_uuid or name is empty
2015-02-22	[TRACE]	/net/metis/home/erichray/workspace/src/Utility/utility.go:Utility.WriteTrace:114	Entering timeHandler
2015-02-22	[TRACE]	/net/metis/home/erichray/workspace/src/Utility/utility.go:Utility.WriteTrace:114	getHandler()
2015-02-22	[TRACE]	/net/metis/home/erichray/workspace/src/Utility/utility.go:Utility.WriteTrace:114	Incrementing timeRequests
2015-02-22	[INFO]	/net/metis/home/erichray/workspace/src/Utility/utility.go:Utility.WriteInfo:120	Auth.GetName()
2015-02-22	[INFO]	/net/metis/home/erichray/workspace/src/Utility/utility.go:Utility.WriteInfo:120	session_uuid: cf528be6-3fe3-4262-adcd-63cb1288a557
2015-02-22	[INFO]	/net/metis/home/erichray/workspace/src/Utility/utility.go:Utility.WriteInfo:120	session_uuid: cf528be6-3fe3-4262-adcd-63cb1288a557
2015-02-22	[INFO]	/net/metis/home/erichray/workspace/src/Utility/utility.go:Utility.WriteInfo:120	GetName(cf528be6-3fe3-4262-adcd-63cb1288a557)
2015-02-22	[INFO]	/net/metis/home/erichray/workspace/src/Utility/utility.go:Utility.WriteInfo:120	Sending: http://localhost:9090/get?cookie=cf528be6-3fe3-4262-adcd-63cb1288a557
2015-02-22	[INFO]	/net/metis/home/erichray/workspace/src/Utility/utility.go:Utility.WriteInfo:120	Server Response: erich
2015-02-22	[TRACE]	/net/metis/home/erichray/workspace/src/Utility/utility.go:Utility.WriteTrace:114	Entering defaultHandler
2015-02-22	[INFO]	/net/metis/home/erichray/workspace/src/Utility/utility.go:Utility.WriteInfo:120	URL = 
2015-02-22	[INFO]	/net/metis/home/erichray/workspace/src/Utility/utility.go:Utility.WriteInfo:120	Auth.GetName()
2015-02-22	[INFO]	/net/metis/home/erichray/workspace/src/Utility/utility.go:Utility.WriteInfo:120	session_uuid: cf528be6-3fe3-4262-adcd-63cb1288a557
2015-02-22	[INFO]	/net/metis/home/erichray/workspace/src/Utility/utility.go:Utility.WriteInfo:120	GetName(cf528be6-3fe3-4262-adcd-63cb1288a557)
2015-02-22	[INFO]	/net/metis/home/erichray/workspace/src/Utility/utility.go:Utility.WriteInfo:120	Sending: http://localhost:9090/get?cookie=cf528be6-3fe3-4262-adcd-63cb1288a557
2015-02-22	[INFO]	/net/metis/home/erichray/workspace/src/Utility/utility.go:Utility.WriteInfo:120	Server Response: erich
2015-02-22	[TRACE]	/net/metis/home/erichray/workspace/src/Utility/utility.go:Utility.WriteTrace:114	Displaying greeting
2015-02-22	[TRACE]	/net/metis/home/erichray/workspace/src/Utility/utility.go:Utility.WriteTrace:114	getHandler()
2015-02-22	[INFO]	/net/metis/home/erichray/workspace/src/Utility/utility.go:Utility.WriteInfo:120	session_uuid: cf528be6-3fe3-4262-adcd-63cb1288a557
2015-02-22	[TRACE]	/net/metis/home/erichray/workspace/src/Utility/utility.go:Utility.WriteTrace:114	getHandler()
2015-02-22	[INFO]	/net/metis/home/erichray/workspace/src/Utility/utility.go:Utility.WriteInfo:120	session_uuid: cf528be6-3fe3-4262-adcd-63cb1288a557
2015-02-22	[TRACE]	/net/metis/home/erichray/workspace/src/Utility/utility.go:Utility.WriteTrace:114	Entering aboutHandler
2015-02-22	[TRACE]	/net/metis/home/erichray/workspace/src/Utility/utility.go:Utility.WriteTrace:114	Entering logoutHandler
2015-02-22	[TRACE]	/net/metis/home/erichray/workspace/src/Utility/utility.go:Utility.WriteTrace:114	setHandler()
2015-02-22	[INFO]	/net/metis/home/erichray/workspace/src/Utility/utility.go:Utility.WriteInfo:120	method: GET
2015-02-22	[INFO]	/net/metis/home/erichray/workspace/src/Utility/utility.go:Utility.WriteInfo:120	URL: /set
2015-02-22	[INFO]	/net/metis/home/erichray/workspace/src/Utility/utility.go:Utility.WriteInfo:120	RawQuery: cookie=cf528be6-3fe3-4262-adcd-63cb1288a557&name=
2015-02-22	[INFO]	/net/metis/home/erichray/workspace/src/Utility/utility.go:Utility.WriteInfo:120	session_uuid: cf528be6-3fe3-4262-adcd-63cb1288a557
2015-02-22	[INFO]	/net/metis/home/erichray/workspace/src/Utility/utility.go:Utility.WriteInfo:120	name: 
2015-02-22	[CRITICAL]	/net/metis/home/erichray/workspace/src/Utility/utility.go:Utility.WriteCritical:126	session_uuid or name is empty
2015-02-22	[TRACE]	/net/metis/home/erichray/workspace/src/Utility/utility.go:Utility.WriteTrace:114	Entering defaultHandler
2015-02-22	[INFO]	/net/metis/home/erichray/workspace/src/Utility/utility.go:Utility.WriteInfo:120	URL = 
2015-02-22	[INFO]	/net/metis/home/erichray/workspace/src/Utility/utility.go:Utility.WriteInfo:120	Auth.GetName()
2015-02-22	[INFO]	/net/metis/home/erichray/workspace/src/Utility/utility.go:Utility.WriteInfo:120	session_uuid: 
2015-02-22	[INFO]	/net/metis/home/erichray/workspace/src/Utility/utility.go:Utility.WriteInfo:120	session_uuid empty, returning
2015-02-22	[TRACE]	/net/metis/home/erichray/workspace/src/Utility/utility.go:Utility.WriteTrace:114	Entering loginHandler
2015-02-22	[TRACE]	/net/metis/home/erichray/workspace/src/Utility/utility.go:Utility.WriteTrace:114	Checking if user went directly to login
2015-02-22	[INFO]	/net/metis/home/erichray/workspace/src/Utility/utility.go:Utility.WriteInfo:120	Auth.GetName()
2015-02-22	[INFO]	/net/metis/home/erichray/workspace/src/Utility/utility.go:Utility.WriteInfo:120	session_uuid: 
2015-02-22	[INFO]	/net/metis/home/erichray/workspace/src/Utility/utility.go:Utility.WriteInfo:120	session_uuid empty, returning
2015-02-22	[TRACE]	/net/metis/home/erichray/workspace/src/Utility/utility.go:Utility.WriteTrace:114	displaying login form
2015-02-22	[TRACE]	/net/metis/home/erichray/workspace/src/Utility/utility.go:Utility.WriteTrace:114	templates/about.html
2015-02-22	[TRACE]	/net/metis/home/erichray/workspace/src/Utility/utility.go:Utility.WriteTrace:114	templates/head.html
2015-02-22	[TRACE]	/net/metis/home/erichray/workspace/src/Utility/utility.go:Utility.WriteTrace:114	templates/index.html
2015-02-22	[TRACE]	/net/metis/home/erichray/workspace/src/Utility/utility.go:Utility.WriteTrace:114	templates/login.html
2015-02-22	[TRACE]	/net/metis/home/erichray/workspace/src/Utility/utility.go:Utility.WriteTrace:114	templates/logout.html
2015-02-22	[TRACE]	/net/metis/home/erichray/workspace/src/Utility/utility.go:Utility.WriteTrace:114	templates/menu.html
2015-02-22	[TRACE]	/net/metis/home/erichray/workspace/src/Utility/utility.go:Utility.WriteTrace:114	templates/time.html
2015-02-22	[TRACE]	/net/metis/home/erichray/workspace/src/Utility/utility.go:Utility.WriteTrace:114	templates/logo.html
2015-02-22	[TRACE]	/net/metis/home/erichray/workspace/src/Utility/utility.go:Utility.WriteTrace:114	Starting Main
2015-02-22	[INFO]	/net/metis/home/erichray/workspace/src/Utility/utility.go:Utility.WriteInfo:120	Version: 4
2015-02-22	[TRACE]	/net/metis/home/erichray/workspace/src/Utility/utility.go:Utility.WriteTrace:114	Starting Main
2015-02-22	[INFO]	/net/metis/home/erichray/workspace/src/Utility/utility.go:Utility.WriteInfo:120	Version: 1
2015-02-22	[TRACE]	/net/metis/home/erichray/workspace/src/Utility/utility.go:Utility.WriteTrace:114	Entering defaultHandler
2015-02-22	[INFO]	/net/metis/home/erichray/workspace/src/Utility/utility.go:Utility.WriteInfo:120	URL = index/
2015-02-22	[INFO]	/net/metis/home/erichray/workspace/src/Utility/utility.go:Utility.WriteInfo:120	Auth.GetName()
2015-02-22	[INFO]	/net/metis/home/erichray/workspace/src/Utility/utility.go:Utility.WriteInfo:120	session_uuid: 
2015-02-22	[INFO]	/net/metis/home/erichray/workspace/src/Utility/utility.go:Utility.WriteInfo:120	session_uuid empty, returning
2015-02-22	[TRACE]	/net/metis/home/erichray/workspace/src/Utility/utility.go:Utility.WriteTrace:114	Entering loginHandler
2015-02-22	[TRACE]	/net/metis/home/erichray/workspace/src/Utility/utility.go:Utility.WriteTrace:114	Checking if user went directly to login
2015-02-22	[INFO]	/net/metis/home/erichray/workspace/src/Utility/utility.go:Utility.WriteInfo:120	Auth.GetName()
2015-02-22	[INFO]	/net/metis/home/erichray/workspace/src/Utility/utility.go:Utility.WriteInfo:120	session_uuid: 
2015-02-22	[INFO]	/net/metis/home/erichray/workspace/src/Utility/utility.go:Utility.WriteInfo:120	session_uuid empty, returning
2015-02-22	[TRACE]	/net/metis/home/erichray/workspace/src/Utility/utility.go:Utility.WriteTrace:114	displaying login form
2015-02-22	[TRACE]	/net/metis/home/erichray/workspace/src/Utility/utility.go:Utility.WriteTrace:114	Entering loginHandler
2015-02-22	[TRACE]	/net/metis/home/erichray/workspace/src/Utility/utility.go:Utility.WriteTrace:114	Checking if user went directly to login
2015-02-22	[INFO]	/net/metis/home/erichray/workspace/src/Utility/utility.go:Utility.WriteInfo:120	Auth.GetName()
2015-02-22	[INFO]	/net/metis/home/erichray/workspace/src/Utility/utility.go:Utility.WriteInfo:120	session_uuid: 
2015-02-22	[INFO]	/net/metis/home/erichray/workspace/src/Utility/utility.go:Utility.WriteInfo:120	session_uuid empty, returning
2015-02-22	[INFO]	/net/metis/home/erichray/workspace/src/Utility/utility.go:Utility.WriteInfo:120	len(name) != 0
2015-02-22	[INFO]	/net/metis/home/erichray/workspace/src/Utility/utility.go:Utility.WriteInfo:120	Auth.SetAuthInfo()
2015-02-22	[INFO]	/net/metis/home/erichray/workspace/src/Utility/utility.go:Utility.WriteInfo:120	AddName(erich, ad17cacd-83c7-4227-a2f5-03c01047aea0)
2015-02-22	[INFO]	/net/metis/home/erichray/workspace/src/Utility/utility.go:Utility.WriteInfo:120	Sending: http://localhost:9090/set?cookie=ad17cacd-83c7-4227-a2f5-03c01047aea0&name=erich
2015-02-22	[TRACE]	/net/metis/home/erichray/workspace/src/Utility/utility.go:Utility.WriteTrace:114	setHandler()
2015-02-22	[INFO]	/net/metis/home/erichray/workspace/src/Utility/utility.go:Utility.WriteInfo:120	Server Response: cookie set
2015-02-22	[INFO]	/net/metis/home/erichray/workspace/src/Utility/utility.go:Utility.WriteInfo:120	method: GET
2015-02-22	[INFO]	/net/metis/home/erichray/workspace/src/Utility/utility.go:Utility.WriteInfo:120	URL: /set
2015-02-22	[INFO]	/net/metis/home/erichray/workspace/src/Utility/utility.go:Utility.WriteInfo:120	RawQuery: cookie=ad17cacd-83c7-4227-a2f5-03c01047aea0&name=erich
2015-02-22	[INFO]	/net/metis/home/erichray/workspace/src/Utility/utility.go:Utility.WriteInfo:120	session_uuid: ad17cacd-83c7-4227-a2f5-03c01047aea0
2015-02-22	[INFO]	/net/metis/home/erichray/workspace/src/Utility/utility.go:Utility.WriteInfo:120	name: erich
2015-02-22	[TRACE]	/net/metis/home/erichray/workspace/src/Utility/utility.go:Utility.WriteTrace:114	adding erich to map
2015-02-22	[TRACE]	/net/metis/home/erichray/workspace/src/Utility/utility.go:Utility.WriteTrace:114	Entering defaultHandler
2015-02-22	[INFO]	/net/metis/home/erichray/workspace/src/Utility/utility.go:Utility.WriteInfo:120	URL = index
2015-02-22	[TRACE]	/net/metis/home/erichray/workspace/src/Utility/utility.go:Utility.WriteTrace:114	getHandler()
2015-02-22	[INFO]	/net/metis/home/erichray/workspace/src/Utility/utility.go:Utility.WriteInfo:120	Auth.GetName()
2015-02-22	[INFO]	/net/metis/home/erichray/workspace/src/Utility/utility.go:Utility.WriteInfo:120	session_uuid: ad17cacd-83c7-4227-a2f5-03c01047aea0
2015-02-22	[INFO]	/net/metis/home/erichray/workspace/src/Utility/utility.go:Utility.WriteInfo:120	session_uuid: ad17cacd-83c7-4227-a2f5-03c01047aea0
2015-02-22	[INFO]	/net/metis/home/erichray/workspace/src/Utility/utility.go:Utility.WriteInfo:120	GetName(ad17cacd-83c7-4227-a2f5-03c01047aea0)
2015-02-22	[INFO]	/net/metis/home/erichray/workspace/src/Utility/utility.go:Utility.WriteInfo:120	Sending: http://localhost:9090/get?cookie=ad17cacd-83c7-4227-a2f5-03c01047aea0
2015-02-22	[INFO]	/net/metis/home/erichray/workspace/src/Utility/utility.go:Utility.WriteInfo:120	Server Response: No Name!
2015-02-22	[TRACE]	/net/metis/home/erichray/workspace/src/Utility/utility.go:Utility.WriteTrace:114	Displaying greeting
2015-02-22	[TRACE]	/net/metis/home/erichray/workspace/src/Utility/utility.go:Utility.WriteTrace:114	templates/about.html
2015-02-22	[TRACE]	/net/metis/home/erichray/workspace/src/Utility/utility.go:Utility.WriteTrace:114	templates/head.html
2015-02-22	[TRACE]	/net/metis/home/erichray/workspace/src/Utility/utility.go:Utility.WriteTrace:114	templates/index.html
2015-02-22	[TRACE]	/net/metis/home/erichray/workspace/src/Utility/utility.go:Utility.WriteTrace:114	templates/login.html
2015-02-22	[TRACE]	/net/metis/home/erichray/workspace/src/Utility/utility.go:Utility.WriteTrace:114	templates/logout.html
2015-02-22	[TRACE]	/net/metis/home/erichray/workspace/src/Utility/utility.go:Utility.WriteTrace:114	templates/menu.html
2015-02-22	[TRACE]	/net/metis/home/erichray/workspace/src/Utility/utility.go:Utility.WriteTrace:114	templates/time.html
2015-02-22	[TRACE]	/net/metis/home/erichray/workspace/src/Utility/utility.go:Utility.WriteTrace:114	templates/logo.html
2015-02-22	[TRACE]	/net/metis/home/erichray/workspace/src/Utility/utility.go:Utility.WriteTrace:114	Starting Main
2015-02-22	[INFO]	/net/metis/home/erichray/workspace/src/Utility/utility.go:Utility.WriteInfo:120	Version: 4
2015-02-22	[TRACE]	/net/metis/home/erichray/workspace/src/Utility/utility.go:Utility.WriteTrace:114	Starting Main
2015-02-22	[INFO]	/net/metis/home/erichray/workspace/src/Utility/utility.go:Utility.WriteInfo:120	Version: 1
2015-02-22	[TRACE]	/net/metis/home/erichray/workspace/src/Utility/utility.go:Utility.WriteTrace:114	Entering defaultHandler
2015-02-22	[INFO]	/net/metis/home/erichray/workspace/src/Utility/utility.go:Utility.WriteInfo:120	URL = index/
2015-02-22	[INFO]	/net/metis/home/erichray/workspace/src/Utility/utility.go:Utility.WriteInfo:120	Auth.GetName()
2015-02-22	[INFO]	/net/metis/home/erichray/workspace/src/Utility/utility.go:Utility.WriteInfo:120	session_uuid: 
2015-02-22	[INFO]	/net/metis/home/erichray/workspace/src/Utility/utility.go:Utility.WriteInfo:120	session_uuid empty, returning
2015-02-22	[TRACE]	/net/metis/home/erichray/workspace/src/Utility/utility.go:Utility.WriteTrace:114	Entering loginHandler
2015-02-22	[TRACE]	/net/metis/home/erichray/workspace/src/Utility/utility.go:Utility.WriteTrace:114	Checking if user went directly to login
2015-02-22	[INFO]	/net/metis/home/erichray/workspace/src/Utility/utility.go:Utility.WriteInfo:120	Auth.GetName()
2015-02-22	[INFO]	/net/metis/home/erichray/workspace/src/Utility/utility.go:Utility.WriteInfo:120	session_uuid: 
2015-02-22	[INFO]	/net/metis/home/erichray/workspace/src/Utility/utility.go:Utility.WriteInfo:120	session_uuid empty, returning
2015-02-22	[TRACE]	/net/metis/home/erichray/workspace/src/Utility/utility.go:Utility.WriteTrace:114	displaying login form
2015-02-22	[TRACE]	/net/metis/home/erichray/workspace/src/Utility/utility.go:Utility.WriteTrace:114	Entering loginHandler
2015-02-22	[TRACE]	/net/metis/home/erichray/workspace/src/Utility/utility.go:Utility.WriteTrace:114	Checking if user went directly to login
2015-02-22	[INFO]	/net/metis/home/erichray/workspace/src/Utility/utility.go:Utility.WriteInfo:120	Auth.GetName()
2015-02-22	[INFO]	/net/metis/home/erichray/workspace/src/Utility/utility.go:Utility.WriteInfo:120	session_uuid: 
2015-02-22	[INFO]	/net/metis/home/erichray/workspace/src/Utility/utility.go:Utility.WriteInfo:120	session_uuid empty, returning
2015-02-22	[INFO]	/net/metis/home/erichray/workspace/src/Utility/utility.go:Utility.WriteInfo:120	len(name) != 0
2015-02-22	[INFO]	/net/metis/home/erichray/workspace/src/Utility/utility.go:Utility.WriteInfo:120	Auth.SetAuthInfo()
2015-02-22	[INFO]	/net/metis/home/erichray/workspace/src/Utility/utility.go:Utility.WriteInfo:120	AddName(erich, fd346606-3fc4-44c8-a429-c245fc1a61d8)
2015-02-22	[INFO]	/net/metis/home/erichray/workspace/src/Utility/utility.go:Utility.WriteInfo:120	Sending: http://localhost:9090/set?cookie=fd346606-3fc4-44c8-a429-c245fc1a61d8&name=erich
2015-02-22	[TRACE]	/net/metis/home/erichray/workspace/src/Utility/utility.go:Utility.WriteTrace:114	setHandler()
2015-02-22	[INFO]	/net/metis/home/erichray/workspace/src/Utility/utility.go:Utility.WriteInfo:120	Server Response: cookie set
2015-02-22	[INFO]	/net/metis/home/erichray/workspace/src/Utility/utility.go:Utility.WriteInfo:120	method: GET
2015-02-22	[TRACE]	/net/metis/home/erichray/workspace/src/Utility/utility.go:Utility.WriteTrace:114	Entering defaultHandler
2015-02-22	[INFO]	/net/metis/home/erichray/workspace/src/Utility/utility.go:Utility.WriteInfo:120	URL: /set
2015-02-22	[INFO]	/net/metis/home/erichray/workspace/src/Utility/utility.go:Utility.WriteInfo:120	URL = index
2015-02-22	[INFO]	/net/metis/home/erichray/workspace/src/Utility/utility.go:Utility.WriteInfo:120	RawQuery: cookie=fd346606-3fc4-44c8-a429-c245fc1a61d8&name=erich
2015-02-22	[INFO]	/net/metis/home/erichray/workspace/src/Utility/utility.go:Utility.WriteInfo:120	Auth.GetName()
2015-02-22	[INFO]	/net/metis/home/erichray/workspace/src/Utility/utility.go:Utility.WriteInfo:120	session_uuid: fd346606-3fc4-44c8-a429-c245fc1a61d8
2015-02-22	[INFO]	/net/metis/home/erichray/workspace/src/Utility/utility.go:Utility.WriteInfo:120	session_uuid: fd346606-3fc4-44c8-a429-c245fc1a61d8
2015-02-22	[INFO]	/net/metis/home/erichray/workspace/src/Utility/utility.go:Utility.WriteInfo:120	name: erich
2015-02-22	[INFO]	/net/metis/home/erichray/workspace/src/Utility/utility.go:Utility.WriteInfo:120	GetName(fd346606-3fc4-44c8-a429-c245fc1a61d8)
2015-02-22	[TRACE]	/net/metis/home/erichray/workspace/src/Utility/utility.go:Utility.WriteTrace:114	adding erich to map
2015-02-22	[INFO]	/net/metis/home/erichray/workspace/src/Utility/utility.go:Utility.WriteInfo:120	Sending: http://localhost:9090/get?cookie=fd346606-3fc4-44c8-a429-c245fc1a61d8
2015-02-22	[TRACE]	/net/metis/home/erichray/workspace/src/Utility/utility.go:Utility.WriteTrace:114	getHandler()
2015-02-22	[INFO]	/net/metis/home/erichray/workspace/src/Utility/utility.go:Utility.WriteInfo:120	Server Response: erich
2015-02-22	[INFO]	/net/metis/home/erichray/workspace/src/Utility/utility.go:Utility.WriteInfo:120	session_uuid: fd346606-3fc4-44c8-a429-c245fc1a61d8
2015-02-22	[TRACE]	/net/metis/home/erichray/workspace/src/Utility/utility.go:Utility.WriteTrace:114	Displaying greeting
2015-02-22	[TRACE]	/net/metis/home/erichray/workspace/src/Utility/utility.go:Utility.WriteTrace:114	Entering timeHandler
2015-02-22	[TRACE]	/net/metis/home/erichray/workspace/src/Utility/utility.go:Utility.WriteTrace:114	getHandler()
2015-02-22	[TRACE]	/net/metis/home/erichray/workspace/src/Utility/utility.go:Utility.WriteTrace:114	Incrementing timeRequests
2015-02-22	[INFO]	/net/metis/home/erichray/workspace/src/Utility/utility.go:Utility.WriteInfo:120	session_uuid: fd346606-3fc4-44c8-a429-c245fc1a61d8
2015-02-22	[INFO]	/net/metis/home/erichray/workspace/src/Utility/utility.go:Utility.WriteInfo:120	Auth.GetName()
2015-02-22	[INFO]	/net/metis/home/erichray/workspace/src/Utility/utility.go:Utility.WriteInfo:120	session_uuid: fd346606-3fc4-44c8-a429-c245fc1a61d8
2015-02-22	[INFO]	/net/metis/home/erichray/workspace/src/Utility/utility.go:Utility.WriteInfo:120	GetName(fd346606-3fc4-44c8-a429-c245fc1a61d8)
2015-02-22	[INFO]	/net/metis/home/erichray/workspace/src/Utility/utility.go:Utility.WriteInfo:120	Sending: http://localhost:9090/get?cookie=fd346606-3fc4-44c8-a429-c245fc1a61d8
2015-02-22	[INFO]	/net/metis/home/erichray/workspace/src/Utility/utility.go:Utility.WriteInfo:120	Server Response: erich
